2025-12-21 12:35:42.021 +02:00 [INF] Application starting
2025-12-21 12:35:54.308 +02:00 [INF] Checking if admin user exists...
2025-12-21 12:35:57.782 +02:00 [INF] Admin already exists. Skipping seeding.
2025-12-21 12:35:58.844 +02:00 [INF] Refresh token cleanup service started.
2025-12-21 12:36:03.734 +02:00 [INF] Deleted 25 expired refresh tokens.
2025-12-21 12:38:28.628 +02:00 [INF] Application starting
2025-12-21 12:38:31.170 +02:00 [INF] Checking if admin user exists...
2025-12-21 12:38:32.051 +02:00 [INF] Admin already exists. Skipping seeding.
2025-12-21 12:38:32.352 +02:00 [INF] Refresh token cleanup service started.
2025-12-21 12:38:34.095 +02:00 [WRN] Failed to determine the https port for redirect.
2025-12-21 12:39:17.999 +02:00 [INF] Application starting
2025-12-21 12:39:21.616 +02:00 [INF] Checking if admin user exists...
2025-12-21 12:39:22.324 +02:00 [INF] Admin already exists. Skipping seeding.
2025-12-21 12:39:22.580 +02:00 [INF] Refresh token cleanup service started.
2025-12-21 12:39:24.262 +02:00 [WRN] Failed to determine the https port for redirect.
2025-12-21 12:40:13.400 +02:00 [INF] Application starting
2025-12-21 12:40:16.380 +02:00 [INF] Checking if admin user exists...
2025-12-21 12:40:16.981 +02:00 [INF] Admin already exists. Skipping seeding.
2025-12-21 12:40:17.335 +02:00 [INF] Refresh token cleanup service started.
2025-12-21 12:42:00.173 +02:00 [INF] Application starting
2025-12-21 12:42:04.010 +02:00 [INF] Checking if admin user exists...
2025-12-21 12:42:04.779 +02:00 [INF] Admin already exists. Skipping seeding.
2025-12-21 12:42:05.087 +02:00 [INF] Refresh token cleanup service started.
2025-12-21 12:42:07.420 +02:00 [WRN] Failed to determine the https port for redirect.
2025-12-21 12:49:09.062 +02:00 [INF] Application starting
2025-12-21 12:49:13.272 +02:00 [INF] Checking if admin user exists...
2025-12-21 12:49:14.401 +02:00 [INF] Admin already exists. Skipping seeding.
2025-12-21 12:49:14.868 +02:00 [INF] Refresh token cleanup service started.
2025-12-21 12:51:11.985 +02:00 [INF] Application starting
2025-12-21 12:51:16.908 +02:00 [INF] Checking if admin user exists...
2025-12-21 12:51:17.795 +02:00 [INF] Admin already exists. Skipping seeding.
2025-12-21 12:51:18.183 +02:00 [INF] Refresh token cleanup service started.
2025-12-21 13:19:21.130 +02:00 [INF] Application starting
2025-12-21 13:19:26.638 +02:00 [INF] Checking if admin user exists...
2025-12-21 13:19:27.674 +02:00 [INF] Admin already exists. Skipping seeding.
2025-12-21 13:19:28.153 +02:00 [INF] Refresh token cleanup service started.
2025-12-21 20:53:39.602 +02:00 [INF] Application starting
2025-12-21 20:53:44.251 +02:00 [INF] Checking if admin user exists...
2025-12-21 20:53:45.132 +02:00 [INF] Admin already exists. Skipping seeding.
2025-12-21 20:53:45.500 +02:00 [INF] Refresh token cleanup service started.
